This is pdfTeX, Version 3.14159265-2.6-1.40.21 (MiKTeX 20.7) (preloaded format=pdflatex 2022.3.1)  19 DEC 2022 14:09
entering extended mode
**./AEJEP_final.tex
(AEJEP_final.tex
LaTeX2e <2020-02-02> patch level 5
L3 programming layer <2020-08-07>
("C:\Program Files\MiKTeX 2.9\tex/latex/base\article.cls"
Document Class: article 2019/12/20 v1.4l Standard LaTeX document class
("C:\Program Files\MiKTeX 2.9\tex/latex/base\size12.clo"
File: size12.clo 2019/12/20 v1.4l Standard LaTeX file (size option)
)
\c@part=\count168
\c@section=\count169
\c@subsection=\count170
\c@subsubsection=\count171
\c@paragraph=\count172
\c@subparagraph=\count173
\c@figure=\count174
\c@table=\count175
\abovecaptionskip=\skip47
\belowcaptionskip=\skip48
\bibindent=\dimen134
)
("C:\Program Files\MiKTeX 2.9\tex/latex/hyperref\hyperref.sty"
Package: hyperref 2020-05-15 v7.00e Hypertext links for LaTeX

("C:\Program Files\MiKTeX 2.9\tex/generic/ltxcmds\ltxcmds.sty"
Package: ltxcmds 2019/12/15 v1.24 LaTeX kernel commands for general use (HO)
)
("C:\Program Files\MiKTeX 2.9\tex/generic/iftex\iftex.sty"
Package: iftex 2020/03/06 v1.0d TeX engine tests
)
("C:\Program Files\MiKTeX 2.9\tex/generic/pdftexcmds\pdftexcmds.sty"
Package: pdftexcmds 2020-06-27 v0.33 Utility functions of pdfTeX for LuaTeX (HO
)

("C:\Program Files\MiKTeX 2.9\tex/generic/infwarerr\infwarerr.sty"
Package: infwarerr 2019/12/03 v1.5 Providing info/warning/error messages (HO)
)
Package pdftexcmds Info: \pdf@primitive is available.
Package pdftexcmds Info: \pdf@ifprimitive is available.
Package pdftexcmds Info: \pdfdraftmode found.
)
("C:\Program Files\MiKTeX 2.9\tex/latex/graphics\keyval.sty"
Package: keyval 2014/10/28 v1.15 key=value parser (DPC)
\KV@toks@=\toks15
)
("C:\Program Files\MiKTeX 2.9\tex/generic/kvsetkeys\kvsetkeys.sty"
Package: kvsetkeys 2019/12/15 v1.18 Key value parser (HO)
)
("C:\Program Files\MiKTeX 2.9\tex/generic/kvdefinekeys\kvdefinekeys.sty"
Package: kvdefinekeys 2019-12-19 v1.6 Define keys (HO)
)
("C:\Program Files\MiKTeX 2.9\tex/generic/pdfescape\pdfescape.sty"
Package: pdfescape 2019/12/09 v1.15 Implements pdfTeX's escape features (HO)
)
("C:\Program Files\MiKTeX 2.9\tex/latex/hycolor\hycolor.sty"
Package: hycolor 2020-01-27 v1.10 Color options for hyperref/bookmark (HO)
)
("C:\Program Files\MiKTeX 2.9\tex/latex/letltxmacro\letltxmacro.sty"
Package: letltxmacro 2019/12/03 v1.6 Let assignment for LaTeX macros (HO)
)
("C:\Program Files\MiKTeX 2.9\tex/latex/auxhook\auxhook.sty"
Package: auxhook 2019-12-17 v1.6 Hooks for auxiliary files (HO)
)
("C:\Program Files\MiKTeX 2.9\tex/latex/kvoptions\kvoptions.sty"
Package: kvoptions 2019/11/29 v3.13 Key value format for package options (HO)
)
\@linkdim=\dimen135
\Hy@linkcounter=\count176
\Hy@pagecounter=\count177

("C:\Program Files\MiKTeX 2.9\tex/latex/hyperref\pd1enc.def"
File: pd1enc.def 2020-05-15 v7.00e Hyperref: PDFDocEncoding definition (HO)
Now handling font encoding PD1 ...
... no UTF-8 mapping file for font encoding PD1
)
("C:\Program Files\MiKTeX 2.9\tex/generic/intcalc\intcalc.sty"
Package: intcalc 2019/12/15 v1.3 Expandable calculations with integers (HO)
)
("C:\Program Files\MiKTeX 2.9\tex/generic/etexcmds\etexcmds.sty"
Package: etexcmds 2019/12/15 v1.7 Avoid name clashes with e-TeX commands (HO)
)
\Hy@SavedSpaceFactor=\count178
Package hyperref Info: Hyper figures OFF on input line 4464.
Package hyperref Info: Link nesting OFF on input line 4469.
Package hyperref Info: Hyper index ON on input line 4472.
Package hyperref Info: Plain pages OFF on input line 4479.
Package hyperref Info: Backreferencing OFF on input line 4484.
Package hyperref Info: Implicit mode ON; LaTeX internals redefined.
Package hyperref Info: Bookmarks ON on input line 4717.
\c@Hy@tempcnt=\count179

("C:\Program Files\MiKTeX 2.9\tex/latex/url\url.sty"
\Urlmuskip=\muskip16
Package: url 2013/09/16  ver 3.4  Verb mode for urls, etc.
)
LaTeX Info: Redefining \url on input line 5076.
\XeTeXLinkMargin=\dimen136

("C:\Program Files\MiKTeX 2.9\tex/generic/bitset\bitset.sty"
Package: bitset 2019/12/09 v1.3 Handle bit-vector datatype (HO)

("C:\Program Files\MiKTeX 2.9\tex/generic/bigintcalc\bigintcalc.sty"
Package: bigintcalc 2019/12/15 v1.5 Expandable calculations on big integers (HO
)
))
\Fld@menulength=\count180
\Field@Width=\dimen137
\Fld@charsize=\dimen138
Package hyperref Info: Hyper figures OFF on input line 6347.
Package hyperref Info: Link nesting OFF on input line 6352.
Package hyperref Info: Hyper index ON on input line 6355.
Package hyperref Info: backreferencing OFF on input line 6362.
Package hyperref Info: Link coloring OFF on input line 6367.
Package hyperref Info: Link coloring with OCG OFF on input line 6372.
Package hyperref Info: PDF/A mode OFF on input line 6377.
LaTeX Info: Redefining \ref on input line 6417.
LaTeX Info: Redefining \pageref on input line 6421.

("C:\Program Files\MiKTeX 2.9\tex/generic/atbegshi\atbegshi.sty"
Package: atbegshi 2019/12/05 v1.19 At begin shipout hook (HO)
)
\Hy@abspage=\count181
\c@Item=\count182
\c@Hfootnote=\count183
)
Package hyperref Info: Driver (autodetected): hpdftex.

("C:\Program Files\MiKTeX 2.9\tex/latex/hyperref\hpdftex.def"
File: hpdftex.def 2020-05-15 v7.00e Hyperref driver for pdfTeX

("C:\Program Files\MiKTeX 2.9\tex/latex/atveryend\atveryend.sty"
Package: atveryend 2019-12-11 v1.11 Hooks at the very end of document (HO)
Package atveryend Info: \enddocument detected (standard20110627).
)
\Fld@listcount=\count184
\c@bookmark@seq@number=\count185

("C:\Program Files\MiKTeX 2.9\tex/latex/rerunfilecheck\rerunfilecheck.sty"
Package: rerunfilecheck 2019/12/05 v1.9 Rerun checks for auxiliary files (HO)

("C:\Program Files\MiKTeX 2.9\tex/generic/uniquecounter\uniquecounter.sty"
Package: uniquecounter 2019/12/15 v1.4 Provide unlimited unique counter (HO)
)
Package uniquecounter Info: New unique counter `rerunfilecheck' on input line 2
86.
)
\Hy@SectionHShift=\skip49
)
("C:\Program Files\MiKTeX 2.9\tex/latex/amsfonts\amssymb.sty"
Package: amssymb 2013/01/14 v3.01 AMS font symbols

("C:\Program Files\MiKTeX 2.9\tex/latex/amsfonts\amsfonts.sty"
Package: amsfonts 2013/01/14 v3.01 Basic AMSFonts support
\@emptytoks=\toks16
\symAMSa=\mathgroup4
\symAMSb=\mathgroup5
LaTeX Font Info:    Redeclaring math symbol \hbar on input line 98.
LaTeX Font Info:    Overwriting math alphabet `\mathfrak' in version `bold'
(Font)                  U/euf/m/n --> U/euf/b/n on input line 106.
))
("C:\Program Files\MiKTeX 2.9\tex/latex/amsmath\amsmath.sty"
Package: amsmath 2020/01/20 v2.17e AMS math features
\@mathmargin=\skip50

For additional information on amsmath, use the `?' option.
("C:\Program Files\MiKTeX 2.9\tex/latex/amsmath\amstext.sty"
Package: amstext 2000/06/29 v2.01 AMS text

("C:\Program Files\MiKTeX 2.9\tex/latex/amsmath\amsgen.sty"
File: amsgen.sty 1999/11/30 v2.0 generic functions
\@emptytoks=\toks17
\ex@=\dimen139
))
("C:\Program Files\MiKTeX 2.9\tex/latex/amsmath\amsbsy.sty"
Package: amsbsy 1999/11/29 v1.2d Bold Symbols
\pmbraise@=\dimen140
)
("C:\Program Files\MiKTeX 2.9\tex/latex/amsmath\amsopn.sty"
Package: amsopn 2016/03/08 v2.02 operator names
)
\inf@bad=\count186
LaTeX Info: Redefining \frac on input line 227.
\uproot@=\count187
\leftroot@=\count188
LaTeX Info: Redefining \overline on input line 389.
\classnum@=\count189
\DOTSCASE@=\count190
LaTeX Info: Redefining \ldots on input line 486.
LaTeX Info: Redefining \dots on input line 489.
LaTeX Info: Redefining \cdots on input line 610.
\Mathstrutbox@=\box45
\strutbox@=\box46
\big@size=\dimen141
LaTeX Font Info:    Redeclaring font encoding OML on input line 733.
LaTeX Font Info:    Redeclaring font encoding OMS on input line 734.
\macc@depth=\count191
\c@MaxMatrixCols=\count192
\dotsspace@=\muskip17
\c@parentequation=\count193
\dspbrk@lvl=\count194
\tag@help=\toks18
\row@=\count195
\column@=\count196
\maxfields@=\count197
\andhelp@=\toks19
\eqnshift@=\dimen142
\alignsep@=\dimen143
\tagshift@=\dimen144
\tagwidth@=\dimen145
\totwidth@=\dimen146
\lineht@=\dimen147
\@envbody=\toks20
\multlinegap=\skip51
\multlinetaggap=\skip52
\mathdisplay@stack=\toks21
LaTeX Info: Redefining \[ on input line 2859.
LaTeX Info: Redefining \] on input line 2860.
)
("C:\Program Files\MiKTeX 2.9\tex/latex/amsmath\amscd.sty"
Package: amscd 2017/04/14 v2.1 AMS Commutative Diagrams
\athelp@=\toks22
\minaw@=\dimen148
\bigaw@=\dimen149
\minCDarrowwidth=\dimen150
)
("C:\Program Files\MiKTeX 2.9\tex/latex/amscls\amsthm.sty"
Package: amsthm 2020/05/29 v2.20.6
\thm@style=\toks23
\thm@bodyfont=\toks24
\thm@headfont=\toks25
\thm@notefont=\toks26
\thm@headpunct=\toks27
\thm@preskip=\skip53
\thm@postskip=\skip54
\thm@headsep=\skip55
\dth@everypar=\toks28
)
("C:\Program Files\MiKTeX 2.9\tex/latex/graphics\graphicx.sty"
Package: graphicx 2019/11/30 v1.2a Enhanced LaTeX Graphics (DPC,SPQR)

("C:\Program Files\MiKTeX 2.9\tex/latex/graphics\graphics.sty"
Package: graphics 2019/11/30 v1.4a Standard LaTeX Graphics (DPC,SPQR)

("C:\Program Files\MiKTeX 2.9\tex/latex/graphics\trig.sty"
Package: trig 2016/01/03 v1.10 sin cos tan (DPC)
)
("C:\Program Files\MiKTeX 2.9\tex/latex/graphics-cfg\graphics.cfg"
File: graphics.cfg 2016/06/04 v1.11 sample graphics configuration
)
Package graphics Info: Driver file: pdftex.def on input line 105.

("C:\Program Files\MiKTeX 2.9\tex/latex/graphics-def\pdftex.def"
File: pdftex.def 2018/01/08 v1.0l Graphics/color driver for pdftex
))
\Gin@req@height=\dimen151
\Gin@req@width=\dimen152
)
("C:\Program Files\MiKTeX 2.9\tex/latex/placeins\placeins.sty"
Package: placeins 2005/04/18  v 2.2
)
("C:\Program Files\MiKTeX 2.9\tex/latex/caption\caption.sty"
Package: caption 2020/05/30 v3.4k Customizing captions (AR)

("C:\Program Files\MiKTeX 2.9\tex/latex/caption\caption3.sty"
Package: caption3 2020/07/20 v1.12b caption3 kernel (AR)
Package caption3 Info: TeX engine: e-TeX on input line 61.
\captionmargin=\dimen153
\captionmargin@=\dimen154
\captionwidth=\dimen155
\caption@tempdima=\dimen156
\caption@indent=\dimen157
\caption@parindent=\dimen158
\caption@hangindent=\dimen159
Package caption Info: Standard document class detected.
)
\c@caption@flags=\count198
\c@continuedfloat=\count199
Package caption Info: hyperref package is loaded.
)
("C:\Program Files\MiKTeX 2.9\tex/latex/graphics\rotating.sty"
Package: rotating 2016/08/11 v2.16d rotated objects in LaTeX

("C:\Program Files\MiKTeX 2.9\tex/latex/base\ifthen.sty"
Package: ifthen 2014/09/29 v1.1c Standard LaTeX ifthen package (DPC)
)
\c@r@tfl@t=\count266
\rotFPtop=\skip56
\rotFPbot=\skip57
\rot@float@box=\box47
\rot@mess@toks=\toks29
)
("C:\Program Files\MiKTeX 2.9\tex/latex/setspace\setspace.sty"
Package: setspace 2011/12/19 v6.7a set line spacing
)
("C:\Program Files\MiKTeX 2.9\tex/latex/graphics\lscape.sty"
Package: lscape 2000/10/22 v3.01 Landscape Pages (DPC)
)
("C:\Program Files\MiKTeX 2.9\tex/latex/base\latexsym.sty"
Package: latexsym 1998/08/17 v2.2e Standard LaTeX package (lasy symbols)
\symlasy=\mathgroup6
LaTeX Font Info:    Overwriting symbol font `lasy' in version `bold'
(Font)                  U/lasy/m/n --> U/lasy/b/n on input line 52.
)
("C:\Program Files\MiKTeX 2.9\tex/latex/tools\indentfirst.sty"
Package: indentfirst 1995/11/23 v1.03 Indent first paragraph (DPC)
)
("C:\Program Files\MiKTeX 2.9\tex/latex/geometry\geometry.sty"
Package: geometry 2020/01/02 v5.9 Page Geometry

("C:\Program Files\MiKTeX 2.9\tex/generic/iftex\ifvtex.sty"
Package: ifvtex 2019/10/25 v1.7 ifvtex legacy package. Use iftex instead.
)
\Gm@cnth=\count267
\Gm@cntv=\count268
\c@Gm@tempcnt=\count269
\Gm@bindingoffset=\dimen160
\Gm@wd@mp=\dimen161
\Gm@odd@mp=\dimen162
\Gm@even@mp=\dimen163
\Gm@layoutwidth=\dimen164
\Gm@layoutheight=\dimen165
\Gm@layouthoffset=\dimen166
\Gm@layoutvoffset=\dimen167
\Gm@dimlist=\toks30

("C:\Program Files\MiKTeX 2.9\tex/latex/geometry\geometry.cfg"))
("C:\Program Files\MiKTeX 2.9\tex/latex/graphics\epsfig.sty"
Package: epsfig 2017/06/25 v1.7b (e)psfig emulation (SPQR)
\epsfxsize=\dimen168
\epsfysize=\dimen169
)
("C:\Program Files\MiKTeX 2.9\tex/latex/yhmath\yhmath.sty"
Package: yhmath 2020/03/17 v1.6
\symyhlargesymbols=\mathgroup7
LaTeX Font Info:    Redeclaring math accent \widetilde on input line 29.
LaTeX Font Info:    Redeclaring math accent \widehat on input line 30.
LaTeX Font Info:    Redeclaring math symbol \braceld on input line 48.
LaTeX Font Info:    Redeclaring math symbol \bracerd on input line 49.
LaTeX Font Info:    Redeclaring math symbol \bracelu on input line 50.
LaTeX Font Info:    Redeclaring math symbol \braceru on input line 51.
LaTeX Font Info:    Redeclaring math delimiter \lmoustache on input line 53.
LaTeX Font Info:    Redeclaring math delimiter \rmoustache on input line 55.
LaTeX Font Info:    Redeclaring math delimiter \arrowvert on input line 57.
LaTeX Font Info:    Redeclaring math delimiter \Arrowvert on input line 59.
LaTeX Font Info:    Redeclaring math delimiter \Vert on input line 61.
LaTeX Font Info:    Redeclaring math delimiter \vert on input line 63.
LaTeX Font Info:    Redeclaring math delimiter \uparrow on input line 65.
LaTeX Font Info:    Redeclaring math delimiter \downarrow on input line 67.
LaTeX Font Info:    Redeclaring math delimiter \updownarrow on input line 69.
LaTeX Font Info:    Redeclaring math delimiter \Uparrow on input line 71.
LaTeX Font Info:    Redeclaring math delimiter \Downarrow on input line 73.
LaTeX Font Info:    Redeclaring math delimiter \Updownarrow on input line 75.
LaTeX Font Info:    Redeclaring math delimiter \backslash on input line 79.
LaTeX Font Info:    Redeclaring math delimiter \rangle on input line 81.
LaTeX Font Info:    Redeclaring math delimiter \langle on input line 83.
LaTeX Font Info:    Redeclaring math delimiter \rbrace on input line 85.
LaTeX Font Info:    Redeclaring math delimiter \lbrace on input line 87.
LaTeX Font Info:    Redeclaring math delimiter \rceil on input line 89.
LaTeX Font Info:    Redeclaring math delimiter \lceil on input line 91.
LaTeX Font Info:    Redeclaring math delimiter \rfloor on input line 93.
LaTeX Font Info:    Redeclaring math delimiter \lfloor on input line 95.
LaTeX Font Info:    Redeclaring math delimiter \lgroup on input line 97.
LaTeX Font Info:    Redeclaring math delimiter \rgroup on input line 99.
LaTeX Font Info:    Redeclaring math delimiter \bracevert on input line 101.
)
("C:\Program Files\MiKTeX 2.9\tex/latex/mdwtools\footnote.sty"
Package: footnote 1997/01/28 1.13 Save footnotes around boxes
\fn@notes=\box48
\fn@width=\dimen170
)
("C:\Program Files\MiKTeX 2.9\tex/latex/eepic\epic.sty"
Enhancements to Picture Environment. Version 1.2 - Released June 1, 1986
\@@multicnt=\count270
\d@lta=\count271
\@delta=\dimen171
\@@delta=\dimen172
\@gridcnt=\count272
\@joinkind=\count273
\@dotgap=\dimen173
\@ddotgap=\dimen174
\@x@diff=\count274
\@y@diff=\count275
\x@diff=\dimen175
\y@diff=\dimen176
\@dotbox=\box49
\num@segments=\count276
\num@segmentsi=\count277
\@datafile=\read2
) ("C:\Program Files\MiKTeX 2.9\tex/latex/wrapfig\wrapfig.sty"
\wrapoverhang=\dimen177
\WF@size=\dimen178
\c@WF@wrappedlines=\count278
\WF@box=\box50
\WF@everypar=\toks31
Package: wrapfig 2003/01/31  v 3.6
)
("C:\Program Files\MiKTeX 2.9\tex/latex/booktabs\booktabs.sty"
Package: booktabs 2020/01/12 v1.61803398 Publication quality tables
\heavyrulewidth=\dimen179
\lightrulewidth=\dimen180
\cmidrulewidth=\dimen181
\belowrulesep=\dimen182
\belowbottomsep=\dimen183
\aboverulesep=\dimen184
\abovetopsep=\dimen185
\cmidrulesep=\dimen186
\cmidrulekern=\dimen187
\defaultaddspace=\dimen188
\@cmidla=\count279
\@cmidlb=\count280
\@aboverulesep=\dimen189
\@belowrulesep=\dimen190
\@thisruleclass=\count281
\@lastruleclass=\count282
\@thisrulewidth=\dimen191
)
("C:\Program Files\MiKTeX 2.9\tex/latex/pdflscape\pdflscape.sty"
Package: pdflscape 2019/12/05 v0.12 Display of landscape pages in PDF (HO)
Package pdflscape Info: Auto-detected driver: pdftex on input line 81.
)
("C:\Program Files\MiKTeX 2.9\tex/latex/epstopdf-pkg\epstopdf.sty"
Package: epstopdf 2020-01-24 v2.11 Conversion with epstopdf on the fly (HO)

("C:\Program Files\MiKTeX 2.9\tex/latex/grfext\grfext.sty"
Package: grfext 2019/12/03 v1.3 Manage graphics extensions (HO)
)
("C:\Program Files\MiKTeX 2.9\tex/latex/epstopdf-pkg\epstopdf-base.sty"
Package: epstopdf-base 2020-01-24 v2.11 Base part for package epstopdf
Package epstopdf-base Info: Redefining graphics rule for `.eps' on input line 4
85.
Package grfext Info: Graphics extension search list:
(grfext)             [.pdf,.png,.jpg,.mps,.jpeg,.jbig2,.jb2,.PDF,.PNG,.JPG,.JPE
G,.JBIG2,.JB2,.eps]
(grfext)             \AppendGraphicsExtensions on input line 504.
))
("C:\Program Files\MiKTeX 2.9\tex/latex/bbm\bbm.sty"
Package: bbm 1999/03/15 V 1.2 provides fonts for set symbols - TH
LaTeX Font Info:    Overwriting math alphabet `\mathbbm' in version `bold'
(Font)                  U/bbm/m/n --> U/bbm/bx/n on input line 33.
LaTeX Font Info:    Overwriting math alphabet `\mathbbmss' in version `bold'
(Font)                  U/bbmss/m/n --> U/bbmss/bx/n on input line 35.
)
("C:\Program Files\MiKTeX 2.9\tex/latex/caption\subcaption.sty"
Package: subcaption 2020/01/22 v1.3d Sub-captions (AR)
\c@subfigure=\count283
\c@subtable=\count284
)
("C:\Program Files\MiKTeX 2.9\tex/latex/xcolor\xcolor.sty"
Package: xcolor 2016/05/11 v2.12 LaTeX color extensions (UK)

("C:\Program Files\MiKTeX 2.9\tex/latex/graphics-cfg\color.cfg"
File: color.cfg 2016/01/02 v1.6 sample color configuration
)
Package xcolor Info: Driver file: pdftex.def on input line 225.
Package xcolor Info: Model `cmy' substituted by `cmy0' on input line 1348.
Package xcolor Info: Model `hsb' substituted by `rgb' on input line 1352.
Package xcolor Info: Model `RGB' extended on input line 1364.
Package xcolor Info: Model `HTML' substituted by `rgb' on input line 1366.
Package xcolor Info: Model `Hsb' substituted by `hsb' on input line 1367.
Package xcolor Info: Model `tHsb' substituted by `hsb' on input line 1368.
Package xcolor Info: Model `HSB' substituted by `hsb' on input line 1369.
Package xcolor Info: Model `Gray' substituted by `gray' on input line 1370.
Package xcolor Info: Model `wave' substituted by `hsb' on input line 1371.
)
("C:\Program Files\MiKTeX 2.9\tex/latex/soul\soul.sty"
Package: soul 2003/11/17 v2.4 letterspacing/underlining (mf)
\SOUL@word=\toks32
\SOUL@lasttoken=\toks33
\SOUL@cmds=\toks34
\SOUL@buffer=\toks35
\SOUL@token=\toks36
\SOUL@spaceskip=\skip58
\SOUL@ttwidth=\dimen192
\SOUL@uldp=\dimen193
\SOUL@ulht=\dimen194
)
("C:\Program Files\MiKTeX 2.9\tex/latex/tools\bm.sty"
Package: bm 2019/07/24 v1.2d Bold Symbol Support (DPC/FMi)
\symboldoperators=\mathgroup8
\symboldletters=\mathgroup9
\symboldsymbols=\mathgroup10
\symboldlasy=\mathgroup11
LaTeX Font Info:    Redeclaring math alphabet \mathbf on input line 141.
LaTeX Info: Redefining \bm on input line 209.
)
("C:\Program Files\MiKTeX 2.9\tex/latex/mathtools\mathtools.sty"
Package: mathtools 2020/03/24 v1.24 mathematical typesetting tools

("C:\Program Files\MiKTeX 2.9\tex/latex/tools\calc.sty"
Package: calc 2017/05/25 v4.3 Infix arithmetic (KKT,FJ)
\calc@Acount=\count285
\calc@Bcount=\count286
\calc@Adimen=\dimen195
\calc@Bdimen=\dimen196
\calc@Askip=\skip59
\calc@Bskip=\skip60
LaTeX Info: Redefining \setlength on input line 80.
LaTeX Info: Redefining \addtolength on input line 81.
\calc@Ccount=\count287
\calc@Cskip=\skip61
)
("C:\Program Files\MiKTeX 2.9\tex/latex/mathtools\mhsetup.sty"
Package: mhsetup 2017/03/31 v1.3 programming setup (MH)
)
LaTeX Info: Thecontrolsequence`\('isalreadyrobust on input line 130.
LaTeX Info: Thecontrolsequence`\)'isalreadyrobust on input line 130.
LaTeX Info: Thecontrolsequence`\['isalreadyrobust on input line 130.
LaTeX Info: Thecontrolsequence`\]'isalreadyrobust on input line 130.
\g_MT_multlinerow_int=\count288
\l_MT_multwidth_dim=\dimen197
\origjot=\skip62
\l_MT_shortvdotswithinadjustabove_dim=\dimen198
\l_MT_shortvdotswithinadjustbelow_dim=\dimen199
\l_MT_above_intertext_sep=\dimen256
\l_MT_below_intertext_sep=\dimen257
\l_MT_above_shortintertext_sep=\dimen258
\l_MT_below_shortintertext_sep=\dimen259
\xmathstrut@box=\box51
\xmathstrut@dim=\dimen260
)
("C:\Program Files\MiKTeX 2.9\tex/latex/threeparttable\threeparttable.sty"
Package: threeparttable 2003/06/13  v 3.0
\@tempboxb=\box52
)
("C:\Program Files\MiKTeX 2.9\tex/latex/base\inputenc.sty"
Package: inputenc 2018/08/11 v1.3c Input encoding file
\inpenc@prehook=\toks37
\inpenc@posthook=\toks38
)
("C:\Program Files\MiKTeX 2.9\tex/latex/natbib\natbib.sty"
Package: natbib 2010/09/13 8.31b (PWD, AO)
\bibhang=\skip63
\bibsep=\skip64
LaTeX Info: Redefining \cite on input line 694.
\c@NAT@ctr=\count289
)
("C:\Program Files\MiKTeX 2.9\tex/latex/tools\longtable.sty"
Package: longtable 2020/01/07 v4.13 Multi-page Table package (DPC)
\LTleft=\skip65
\LTright=\skip66
\LTpre=\skip67
\LTpost=\skip68
\LTchunksize=\count290
\LTcapwidth=\dimen261
\LT@head=\box53
\LT@firsthead=\box54
\LT@foot=\box55
\LT@lastfoot=\box56
\LT@cols=\count291
\LT@rows=\count292
\c@LT@tables=\count293
\c@LT@chunks=\count294
\LT@p@ftn=\toks39
)
("C:\Program Files\MiKTeX 2.9\tex/generic/babel\babel.sty"
Package: babel 2020/07/13 3.47 The Babel package

("C:\Program Files\MiKTeX 2.9\tex/generic/babel\babel.def"
File: babel.def 2020/07/13 3.47 Babel common definitions
\babel@savecnt=\count295
\U@D=\dimen262
\l@babelnohyphens=\language84

("C:\Program Files\MiKTeX 2.9\tex/generic/babel\txtbabel.def")
\bbl@readstream=\read3
)
\bbl@dirlevel=\count296

*************************************
* Local config file bblopts.cfg used
*
("C:\Program Files\MiKTeX 2.9\tex/latex/arabi\bblopts.cfg"
File: bblopts.cfg 2005/09/08 v0.1 add Arabic and Farsi to "declared" options of
 babel
)
("C:\Program Files\MiKTeX 2.9\tex/latex/babel-english\english.ldf"
Language: english 2017/06/06 v3.3r English support from the babel system
Package babel Info: \l@canadian = using hyphenrules for english
(babel)             (\language0) on input line 102.
Package babel Info: \l@australian = using hyphenrules for ukenglish
(babel)             (\language78) on input line 105.
Package babel Info: \l@newzealand = using hyphenrules for ukenglish
(babel)             (\language78) on input line 108.
))
("C:\Program Files\MiKTeX 2.9\tex/latex/algorithm2e\algorithm2e.sty"
Package: algorithm2e 2017/07/18 v5.2 algorithms environments
\c@AlgoLine=\count297
\algocf@hangindent=\skip69

("C:\Program Files\MiKTeX 2.9\tex/latex/ifoddpage\ifoddpage.sty"
Package: ifoddpage 2016/04/23 v1.1 Conditionals for odd/even page detection
\c@checkoddpage=\count298
)
("C:\Program Files\MiKTeX 2.9\tex/latex/tools\xspace.sty"
Package: xspace 2014/10/28 v1.13 Space after command names (DPC,MH)
)
("C:\Program Files\MiKTeX 2.9\tex/latex/relsize\relsize.sty"
Package: relsize 2013/03/29 ver 4.1
)
\skiptotal=\skip70
\skiplinenumber=\skip71
\skiprule=\skip72
\skiphlne=\skip73
\skiptext=\skip74
\skiplength=\skip75
\algomargin=\skip76
\skipalgocfslide=\skip77
\algowidth=\dimen263
\inoutsize=\dimen264
\inoutindent=\dimen265
\interspacetitleruled=\dimen266
\interspacealgoruled=\dimen267
\interspacetitleboxruled=\dimen268
\algocf@ruledwidth=\skip78
\algocf@inoutbox=\box57
\algocf@inputbox=\box58
\AlCapSkip=\skip79
\AlCapHSkip=\skip80
\algoskipindent=\skip81
\algocf@nlbox=\box59
\algocf@hangingbox=\box60
\algocf@untilbox=\box61
\algocf@skipuntil=\skip82
\algocf@capbox=\box62
\algocf@lcaptionbox=\skip83
\algoheightruledefault=\skip84
\algoheightrule=\skip85
\algotitleheightruledefault=\skip86
\algotitleheightrule=\skip87
\c@algocfline=\count299
\c@algocfproc=\count300
\c@algocf=\count301
\algocf@algoframe=\box63
\algocf@algobox=\box64
)
("C:\Program Files\MiKTeX 2.9\tex/latex/doublestroke\dsfont.sty"
Package: dsfont 1995/08/01 v0.1 Double stroke roman fonts
)
("C:\Program Files\MiKTeX 2.9\tex/latex/jknappen\mathrsfs.sty"
Package: mathrsfs 1996/01/01 Math RSFS package v1.0 (jk)
\symrsfs=\mathgroup12
)
Package hyperref Info: Option `colorlinks' set `true' on input line 60.
Package hyperref Info: Option `breaklinks' set `true' on input line 60.

("C:\Program Files\MiKTeX 2.9\tex/latex/epsf\epsf.sty"
This is `epsf.tex' v2.7.4 <14 February 2011>
\epsffilein=\read4
\epsfframemargin=\dimen269
\epsfframethickness=\dimen270
\epsfrsize=\dimen271
\epsftmp=\dimen272
\epsftsize=\dimen273
\epsfxsize=\dimen274
\epsfysize=\dimen275
\pspoints=\dimen276
) ("C:\Program Files\MiKTeX 2.9\tex/latex/l3backend\l3backend-pdfmode.def"
File: l3backend-pdfmode.def 2020-08-07 L3 backend support: PDF mode
\l__kernel_color_stack_int=\count302
\l__pdf_internal_box=\box65
)
(AEJEP_final.aux)
\openout1 = `AEJEP_final.aux'.

LaTeX Font Info:    Checking defaults for OML/cmm/m/it on input line 87.
LaTeX Font Info:    ... okay on input line 87.
LaTeX Font Info:    Checking defaults for OMS/cmsy/m/n on input line 87.
LaTeX Font Info:    ... okay on input line 87.
LaTeX Font Info:    Checking defaults for OT1/cmr/m/n on input line 87.
LaTeX Font Info:    ... okay on input line 87.
LaTeX Font Info:    Checking defaults for T1/cmr/m/n on input line 87.
LaTeX Font Info:    ... okay on input line 87.
LaTeX Font Info:    Checking defaults for TS1/cmr/m/n on input line 87.
LaTeX Font Info:    ... okay on input line 87.
LaTeX Font Info:    Checking defaults for OMX/cmex/m/n on input line 87.
LaTeX Font Info:    ... okay on input line 87.
LaTeX Font Info:    Checking defaults for U/cmr/m/n on input line 87.
LaTeX Font Info:    ... okay on input line 87.
LaTeX Font Info:    Checking defaults for PD1/pdf/m/n on input line 87.
LaTeX Font Info:    ... okay on input line 87.
\AtBeginShipoutBox=\box66
Package hyperref Info: Link coloring ON on input line 87.
 ("C:\Program Files\MiKTeX 2.9\tex/latex/hyperref\nameref.sty"
Package: nameref 2019/09/16 v2.46 Cross-referencing by name of section
("C:\Program Files\MiKTeX 2.9\tex/latex/refcount\refcount.sty"
Package: refcount 2019/12/15 v3.6 Data extraction from label references (HO)
)
("C:\Program Files\MiKTeX 2.9\tex/generic/gettitlestring\gettitlestring.sty"
Package: gettitlestring 2019/12/15 v1.6 Cleanup title references (HO)
)
\c@section@level=\count303
)
LaTeX Info: Redefining \ref on input line 87.
LaTeX Info: Redefining \pageref on input line 87.
LaTeX Info: Redefining \nameref on input line 87.

(AEJEP_final.out) (AEJEP_final.out)
\@outlinefile=\write3
\openout3 = `AEJEP_final.out'.


("C:\Program Files\MiKTeX 2.9\tex/context/base/mkii\supp-pdf.mkii"
[Loading MPS to PDF converter (version 2006.09.02).]
\scratchcounter=\count304
\scratchdimen=\dimen277
\scratchbox=\box67
\nofMPsegments=\count305
\nofMParguments=\count306
\everyMPshowfont=\toks40
\MPscratchCnt=\count307
\MPscratchDim=\dimen278
\MPnumerator=\count308
\makeMPintoPDFobject=\count309
\everyMPtoPDFconversion=\toks41
)
Package caption Info: Begin \AtBeginDocument code.
Package caption Info: longtable package is loaded.
 ("C:\Program Files\MiKTeX 2.9\tex/latex/caption\ltcaption.sty"
Package: ltcaption 2020/05/30 v1.4b longtable captions (AR)
)
Package caption Info: rotating package is loaded.
Package caption Info: threeparttable package is loaded.
Package caption Info: wrapfig package is loaded.
Package caption Info: End \AtBeginDocument code.

*geometry* driver: auto-detecting
*geometry* detected driver: pdftex
*geometry* verbose mode - [ preamble ] result:
* driver: pdftex
* paper: <default>
* layout: <same size as paper>
* layoutoffset:(h,v)=(0.0pt,0.0pt)
* modes: 
* h-part:(L,W,R)=(72.26999pt, 469.75502pt, 72.26999pt)
* v-part:(T,H,B)=(72.26999pt, 650.43001pt, 72.26999pt)
* \paperwidth=614.295pt
* \paperheight=794.96999pt
* \textwidth=469.75502pt
* \textheight=650.43001pt
* \oddsidemargin=0.0pt
* \evensidemargin=0.0pt
* \topmargin=-37.0pt
* \headheight=12.0pt
* \headsep=25.0pt
* \topskip=12.0pt
* \footskip=30.0pt
* \marginparwidth=44.0pt
* \marginparsep=10.0pt
* \columnsep=10.0pt
* \skip\footins=10.8pt plus 4.0pt minus 2.0pt
* \hoffset=0.0pt
* \voffset=0.0pt
* \mag=1000
* \@twocolumnfalse
* \@twosidefalse
* \@mparswitchfalse
* \@reversemarginfalse
* (1in=72.27pt=25.4mm, 1cm=28.453pt)

LaTeX Font Info:    Trying to load font information for U+msa on input line 94.

("C:\Program Files\MiKTeX 2.9\tex/latex/amsfonts\umsa.fd"
File: umsa.fd 2013/01/14 v3.01 AMS symbols A
)
LaTeX Font Info:    Trying to load font information for U+msb on input line 94.


("C:\Program Files\MiKTeX 2.9\tex/latex/amsfonts\umsb.fd"
File: umsb.fd 2013/01/14 v3.01 AMS symbols B
)
LaTeX Font Info:    Trying to load font information for U+lasy on input line 94
.

("C:\Program Files\MiKTeX 2.9\tex/latex/base\ulasy.fd"
File: ulasy.fd 1998/08/17 v2.2e LaTeX symbol font definitions
)
LaTeX Font Info:    Trying to load font information for OMX+yhex on input line 
94.

("C:\Program Files\MiKTeX 2.9\tex/latex/yhmath\omxyhex.fd"
File: OMXyhex.fd 
File: OMXyhex.fd 2013/07/03 v1.1 YH's humble contribution to TeX maths (NP)
)
LaTeX Font Info:    Font shape `U/lasy/b/n' in size <7> not available
(Font)              Font shape `U/lasy/m/n' tried instead on input line 94.
LaTeX Font Info:    Trying to load font information for U+rsfs on input line 94
.

("C:\Program Files\MiKTeX 2.9\tex/latex/jknappen\ursfs.fd"
File: ursfs.fd 1998/03/24 rsfs font definition file (jk)
)
LaTeX Font Info:    Font shape `U/lasy/b/n' in size <5> not available
(Font)              Font shape `U/lasy/m/n' tried instead on input line 94.

Underfull \hbox (badness 10000) in paragraph at lines 94--94
[][]\OT1/cmr/m/n/10 Moretti: De-part-ment of Eco-nomics, Uni-ver-sity of Cal-i-
for-nia, Berke-ley (email:
 []

[1

{C:/Users/l1djw01/AppData/Local/MiKTeX/2.9/pdftex/config/pdftex.map}]
LaTeX Font Info:    Font shape `U/lasy/b/n' in size <8> not available
(Font)              Font shape `U/lasy/m/n' tried instead on input line 137.
LaTeX Font Info:    Font shape `U/lasy/b/n' in size <6> not available
(Font)              Font shape `U/lasy/m/n' tried instead on input line 137.
pdfTeX warning (ext4): destination with the same identifier (name{page.1}) has 
been already used, duplicate ignored
<to be read again> 
                   \relax 
l.139 
       [1] [2] [3] [4] [5] [6] [7] [8] [9] [10] [11] [12] [13]
Overfull \hbox (15.88785pt too wide) in paragraph at lines 342--342
[]\OT1/cmr/bx/n/14.4 Validation of Forbes' State of Res-i-dence Us-ing Bil-lion
-aire Deaths 
 []

[14] [15] [16] [17] [18] [19] [20] [21] [22] [23] [24] [25] [26] [27] [28]
[29] [30] [31] [32] [33] [34] [35] [36] [37] (AEJEP_final.bbl [38] [39])
[40] (../Tables/Table1.tex)
Overfull \hbox (60.30206pt too wide) in paragraph at lines 716--718
 [][] 
 []


LaTeX Warning: Float too large for page by 10.17519pt on input line 718.

(../Tables/Table2.tex) (../Tables/Table3.tex) (../Tables/Table4.tex)
Overfull \hbox (9.19795pt too wide) in paragraph at lines 781--784
 [][] 
 []

(../Tables/Table6_a.tex) (../Tables/Table6_b.tex)

LaTeX Warning: Float too large for page by 13.88422pt on input line 841.

[1]pdfTeX warning (ext4): destination with the same identifier (name{page.}) ha
s been already used, duplicate ignored
<to be read again> 
                   \relax 
l.842 \clearpage
                 [2]pdfTeX warning (ext4): destination with the same identifier
 (name{page.}) has been already used, duplicate ignored
<to be read again> 
                   \relax 
l.842 \clearpage
                 [3]pdfTeX warning (ext4): destination with the same identifier
 (name{page.}) has been already used, duplicate ignored
<to be read again> 
                   \relax 
l.842 \clearpage
                 [4]pdfTeX warning (ext4): destination with the same identifier
 (name{page.}) has been already used, duplicate ignored
<to be read again> 
                   \relax 
l.842 \clearpage
                 [5] (../Tables/Table7_a.tex) (../Tables/Table7_b.tex)

LaTeX Warning: Float too large for page by 34.72058pt on input line 869.

pdfTeX warning (ext4): destination with the same identifier (name{page.}) has b
een already used, duplicate ignored
<to be read again> 
                   \relax 
l.870 \clearpage
                 [6]

pdfTeX warning: pdflatex.exe (file ../Figures/Figure1_a.pdf): PDF inclusion: fo
und PDF version <1.6>, but at most version <1.5> allowed
<../Figures/Figure1_a.pdf, id=704, 481.97003pt x 289.08pt>
File: ../Figures/Figure1_a.pdf Graphic file (type pdf)
<use ../Figures/Figure1_a.pdf>
Package pdftex.def Info: ../Figures/Figure1_a.pdf  used on input line 882.
(pdftex.def)             Requested size: 422.77664pt x 253.57513pt.


pdfTeX warning: pdflatex.exe (file ../Figures/Figure1_b.pdf): PDF inclusion: fo
und PDF version <1.6>, but at most version <1.5> allowed
<../Figures/Figure1_b.pdf, id=705, 481.97003pt x 289.08pt>
File: ../Figures/Figure1_b.pdf Graphic file (type pdf)
<use ../Figures/Figure1_b.pdf>
Package pdftex.def Info: ../Figures/Figure1_b.pdf  used on input line 886.
(pdftex.def)             Requested size: 422.77664pt x 253.57513pt.
pdfTeX warning (ext4): destination with the same identifier (name{page.}) has b
een already used, duplicate ignored
<to be read again> 
                   \relax 
l.891 \clearpage
                 [7 <../Figures/Figure1_a.pdf> <../Figures/Figure1_b.pdf>]

pdfTeX warning: pdflatex.exe (file ../Figures/Figure2_a.pdf): PDF inclusion: fo
und PDF version <1.6>, but at most version <1.5> allowed
<../Figures/Figure2_a.pdf, id=729, 481.97003pt x 289.08pt>
File: ../Figures/Figure2_a.pdf Graphic file (type pdf)
<use ../Figures/Figure2_a.pdf>
Package pdftex.def Info: ../Figures/Figure2_a.pdf  used on input line 900.
(pdftex.def)             Requested size: 422.77664pt x 253.57513pt.


pdfTeX warning: pdflatex.exe (file ../Figures/Figure2_b.pdf): PDF inclusion: fo
und PDF version <1.6>, but at most version <1.5> allowed
<../Figures/Figure2_b.pdf, id=730, 481.97003pt x 289.08pt>
File: ../Figures/Figure2_b.pdf Graphic file (type pdf)
<use ../Figures/Figure2_b.pdf>
Package pdftex.def Info: ../Figures/Figure2_b.pdf  used on input line 903.
(pdftex.def)             Requested size: 422.77664pt x 253.57513pt.
pdfTeX warning (ext4): destination with the same identifier (name{page.}) has b
een already used, duplicate ignored
<to be read again> 
                   \relax 
l.906 \clearpage
                 [8 <../Figures/Figure2_a.pdf> <../Figures/Figure2_b.pdf>]

pdfTeX warning: pdflatex.exe (file ../Figures/Figure3_a.pdf): PDF inclusion: fo
und PDF version <1.6>, but at most version <1.5> allowed
<../Figures/Figure3_a.pdf, id=757, 397.485pt x 289.08pt>
File: ../Figures/Figure3_a.pdf Graphic file (type pdf)
<use ../Figures/Figure3_a.pdf>
Package pdftex.def Info: ../Figures/Figure3_a.pdf  used on input line 914.
(pdftex.def)             Requested size: 375.80544pt x 273.32318pt.


pdfTeX warning: pdflatex.exe (file ../Figures/Figure3_b.pdf): PDF inclusion: fo
und PDF version <1.6>, but at most version <1.5> allowed
<../Figures/Figure3_b.pdf, id=758, 397.485pt x 289.08pt>
File: ../Figures/Figure3_b.pdf Graphic file (type pdf)
<use ../Figures/Figure3_b.pdf>
Package pdftex.def Info: ../Figures/Figure3_b.pdf  used on input line 917.
(pdftex.def)             Requested size: 375.80544pt x 273.32318pt.
pdfTeX warning (ext4): destination with the same identifier (name{page.}) has b
een already used, duplicate ignored
<to be read again> 
                   \relax 
l.921 \clearpage
                 [9 <../Figures/Figure3_a.pdf> <../Figures/Figure3_b.pdf>]

pdfTeX warning: pdflatex.exe (file ../Figures/Figure4.pdf): PDF inclusion: foun
d PDF version <1.6>, but at most version <1.5> allowed
<../Figures/Figure4.pdf, id=782, 397.485pt x 289.08pt>
File: ../Figures/Figure4.pdf Graphic file (type pdf)
<use ../Figures/Figure4.pdf>
Package pdftex.def Info: ../Figures/Figure4.pdf  used on input line 926.
(pdftex.def)             Requested size: 375.80544pt x 273.32318pt.


pdfTeX warning: pdflatex.exe (file ../Figures/Figure5.pdf): PDF inclusion: foun
d PDF version <1.6>, but at most version <1.5> allowed
<../Figures/Figure5.pdf, id=783, 397.485pt x 289.08pt>
File: ../Figures/Figure5.pdf Graphic file (type pdf)
<use ../Figures/Figure5.pdf>
Package pdftex.def Info: ../Figures/Figure5.pdf  used on input line 939.
(pdftex.def)             Requested size: 375.80544pt x 273.32318pt.
pdfTeX warning (ext4): destination with the same identifier (name{page.}) has b
een already used, duplicate ignored
<to be read again> 
                   \relax 
l.945 \clearpage
                 [10 <../Figures/Figure4.pdf> <../Figures/Figure5.pdf>]

pdfTeX warning: pdflatex.exe (file ../Figures/Figure6_a.pdf): PDF inclusion: fo
und PDF version <1.6>, but at most version <1.5> allowed
<../Figures/Figure6_a.pdf, id=807, 397.485pt x 289.08pt>
File: ../Figures/Figure6_a.pdf Graphic file (type pdf)
<use ../Figures/Figure6_a.pdf>
Package pdftex.def Info: ../Figures/Figure6_a.pdf  used on input line 954.
(pdftex.def)             Requested size: 352.31625pt x 256.23938pt.


pdfTeX warning: pdflatex.exe (file ../Figures/Figure6_b.pdf): PDF inclusion: fo
und PDF version <1.6>, but at most version <1.5> allowed
<../Figures/Figure6_b.pdf, id=808, 397.485pt x 289.08pt>
File: ../Figures/Figure6_b.pdf Graphic file (type pdf)
<use ../Figures/Figure6_b.pdf>
Package pdftex.def Info: ../Figures/Figure6_b.pdf  used on input line 956.
(pdftex.def)             Requested size: 352.31625pt x 256.23938pt.

LaTeX Warning: Float too large for page by 545.70386pt on input line 961.

pdfTeX warning (ext4): destination with the same identifier (name{page.}) has b
een already used, duplicate ignored
<to be read again> 
                   \relax 
l.963 \clearpage
                 [11 <../Figures/Figure6_a.pdf> <../Figures/Figure6_b.pdf>]

pdfTeX warning: pdflatex.exe (file ../Figures/Figure7.pdf): PDF inclusion: foun
d PDF version <1.6>, but at most version <1.5> allowed
<../Figures/Figure7.pdf, id=832, 397.485pt x 289.08pt>
File: ../Figures/Figure7.pdf Graphic file (type pdf)
<use ../Figures/Figure7.pdf>
Package pdftex.def Info: ../Figures/Figure7.pdf  used on input line 970.
(pdftex.def)             Requested size: 375.80544pt x 273.32318pt.
pdfTeX warning (ext4): destination with the same identifier (name{page.}) has b
een already used, duplicate ignored
<to be read again> 
                   \relax 
l.978 \clearpage
                 [12 <../Figures/Figure7.pdf>]

pdfTeX warning: pdflatex.exe (file ../Figures/Figure8_a.pdf): PDF inclusion: fo
und PDF version <1.6>, but at most version <1.5> allowed
<../Figures/Figure8_a.pdf, id=846, 397.485pt x 289.08pt>
File: ../Figures/Figure8_a.pdf Graphic file (type pdf)
<use ../Figures/Figure8_a.pdf>
Package pdftex.def Info: ../Figures/Figure8_a.pdf  used on input line 988.
(pdftex.def)             Requested size: 258.36668pt x 187.90858pt.


pdfTeX warning: pdflatex.exe (file ../Figures/Figure8_b.pdf): PDF inclusion: fo
und PDF version <1.6>, but at most version <1.5> allowed
<../Figures/Figure8_b.pdf, id=847, 397.485pt x 289.08pt>
File: ../Figures/Figure8_b.pdf Graphic file (type pdf)
<use ../Figures/Figure8_b.pdf>
Package pdftex.def Info: ../Figures/Figure8_b.pdf  used on input line 990.
(pdftex.def)             Requested size: 258.36668pt x 187.90858pt.


pdfTeX warning: pdflatex.exe (file ../Figures/Figure8_c.pdf): PDF inclusion: fo
und PDF version <1.6>, but at most version <1.5> allowed
<../Figures/Figure8_c.pdf, id=848, 397.485pt x 289.08pt>
File: ../Figures/Figure8_c.pdf Graphic file (type pdf)
<use ../Figures/Figure8_c.pdf>
Package pdftex.def Info: ../Figures/Figure8_c.pdf  used on input line 992.
(pdftex.def)             Requested size: 258.36668pt x 187.90858pt.

LaTeX Warning: Float too large for page by 56.74577pt on input line 995.

pdfTeX warning (ext4): destination with the same identifier (name{page.}) has b
een already used, duplicate ignored
<to be read again> 
                   \relax 
l.996 \clearpage
                 [13 <../Figures/Figure8_a.pdf> <../Figures/Figure8_b.pdf> <../
Figures/Figure8_c.pdf>]
Overfull \hbox (7.01888pt too wide) in paragraph at lines 1027--1027
[][][][]$\OT1/cmtt/m/n/10 https : / / www . irs . gov / statistics / soi-[]tax-
[]stats-[]estate-[]tax-[]statistics-[]filing-[]year-[]table-[]2$[][]\OT1/cmr/m/
n/10 .| 
 []

pdfTeX warning (ext4): destination with the same identifier (name{page.}) has b
een already used, duplicate ignored
<to be read again> 
                   \relax 
l.1035 
        [14










]pdfTeX warning (ext4): destination with the same identifier (name{page.}) has 
been already used, duplicate ignored
<to be read again> 
                   \relax 
l.1041 \clearpage
                  [15] (../Tables/TableB1.tex)

LaTeX Warning: Float too large for page by 45.85544pt on input line 1073.

(../Tables/TableB2.tex)pdfTeX warning (ext4): destination with the same identif
ier (name{page.}) has been already used, duplicate ignored
<to be read again> 
                   \relax 
l.1086 \clearpage
                  [16]pdfTeX warning (ext4): destination with the same identifi
er (name{page.}) has been already used, duplicate ignored
<to be read again> 
                   \relax 
l.1086 \clearpage
                  [17] (../Tables/TableB3_a.tex) (../Tables/TableB3_b.tex)
(../Tables/TableB3_c.tex)pdfTeX warning (ext4): destination with the same ident
ifier (name{page.}) has been already used, duplicate ignored
<to be read again> 
                   \relax 
l.1137 \clearpage
                  [18] (../Tables/TableB4.tex)
Overfull \hbox (41.00888pt too wide) in paragraph at lines 1147--1149
 [][] 
 []

pdfTeX warning (ext4): destination with the same identifier (name{page.}) has b
een already used, duplicate ignored
<to be read again> 
                   \relax 
l.1259 		R
          ichard N Goldman&2010&CA&CA&CA&\\ [19



]pdfTeX warning (ext4): destination with the same identifier (name{page.}) has 
been already used, duplicate ignored
<to be read again> 
                   \relax 
l.1296 \clearpage
                  [20]pdfTeX warning (ext4): destination with the same identifi
er (name{page.}) has been already used, duplicate ignored
<to be read again> 
                   \relax 
l.1296 \clearpage
                  [21] (../Tables/TableB6_a.tex) (../Tables/TableB6_b.tex)
(../Tables/TableB6_c.tex)

LaTeX Warning: Float too large for page by 39.21086pt on input line 1323.

pdfTeX warning (ext4): destination with the same identifier (name{page.}) has b
een already used, duplicate ignored
<to be read again> 
                   \relax 
l.1325 \clearpage
                  [22] (../Tables/TableB7_a.tex) (../Tables/TableB7_b.tex)pdfTe
X warning (ext4): destination with the same identifier (name{page.}) has been a
lready used, duplicate ignored
<to be read again> 
                   \relax 
l.1348 \clearpage
                  [23


]

pdfTeX warning: pdflatex.exe (file ../Figures/FigureB1_a.pdf): PDF inclusion: f
ound PDF version <1.6>, but at most version <1.5> allowed
<../Figures/FigureB1_a.pdf, id=936, 397.485pt x 289.08pt>
File: ../Figures/FigureB1_a.pdf Graphic file (type pdf)
<use ../Figures/FigureB1_a.pdf>
Package pdftex.def Info: ../Figures/FigureB1_a.pdf  used on input line 1362.
(pdftex.def)             Requested size: 293.41861pt x 213.39566pt.


pdfTeX warning: pdflatex.exe (file ../Figures/FigureB1_b.pdf): PDF inclusion: f
ound PDF version <1.6>, but at most version <1.5> allowed
<../Figures/FigureB1_b.pdf, id=937, 397.485pt x 289.08pt>
File: ../Figures/FigureB1_b.pdf Graphic file (type pdf)
<use ../Figures/FigureB1_b.pdf>
Package pdftex.def Info: ../Figures/FigureB1_b.pdf  used on input line 1368.
(pdftex.def)             Requested size: 293.41861pt x 213.39566pt.


pdfTeX warning: pdflatex.exe (file ../Figures/FigureB1_c.pdf): PDF inclusion: f
ound PDF version <1.6>, but at most version <1.5> allowed
<../Figures/FigureB1_c.pdf, id=938, 397.485pt x 289.08pt>
File: ../Figures/FigureB1_c.pdf Graphic file (type pdf)
<use ../Figures/FigureB1_c.pdf>
Package pdftex.def Info: ../Figures/FigureB1_c.pdf  used on input line 1373.
(pdftex.def)             Requested size: 293.41861pt x 213.39566pt.


pdfTeX warning: pdflatex.exe (file ../Figures/FigureB1_d.pdf): PDF inclusion: f
ound PDF version <1.6>, but at most version <1.5> allowed
<../Figures/FigureB1_d.pdf, id=939, 397.485pt x 289.08pt>
File: ../Figures/FigureB1_d.pdf Graphic file (type pdf)
<use ../Figures/FigureB1_d.pdf>
Package pdftex.def Info: ../Figures/FigureB1_d.pdf  used on input line 1378.
(pdftex.def)             Requested size: 293.41861pt x 213.39566pt.

Overfull \hbox (19.22417pt too wide) in paragraph at lines 1358--1381
 [] 
 []


LaTeX Warning: Float too large for page by 53.8696pt on input line 1383.

pdfTeX warning (ext4): destination with the same identifier (name{page.}) has b
een already used, duplicate ignored
<to be read again> 
                   \relax 
l.1384 \end{landscape}
                       [24 <../Figures/FigureB1_a.pdf> <../Figures/FigureB1_b.p
df> <../Figures/FigureB1_c.pdf> <../Figures/FigureB1_d.pdf>]

pdfTeX warning: pdflatex.exe (file ../Figures/FigureB2.pdf): PDF inclusion: fou
nd PDF version <1.6>, but at most version <1.5> allowed
<../Figures/FigureB2.pdf, id=983, 397.485pt x 289.08pt>
File: ../Figures/FigureB2.pdf Graphic file (type pdf)
<use ../Figures/FigureB2.pdf>
Package pdftex.def Info: ../Figures/FigureB2.pdf  used on input line 1396.
(pdftex.def)             Requested size: 469.75502pt x 341.64957pt.
pdfTeX warning (ext4): destination with the same identifier (name{page.}) has b
een already used, duplicate ignored
<to be read again> 
                   \relax 
l.1399 \clearpage
                  [25 <../Figures/FigureB2.pdf>]

pdfTeX warning: pdflatex.exe (file ../Figures/FigureB3_a.pdf): PDF inclusion: f
ound PDF version <1.6>, but at most version <1.5> allowed
<../Figures/FigureB3_a.pdf, id=997, 397.485pt x 289.08pt>
File: ../Figures/FigureB3_a.pdf Graphic file (type pdf)
<use ../Figures/FigureB3_a.pdf>
Package pdftex.def Info: ../Figures/FigureB3_a.pdf  used on input line 1409.
(pdftex.def)             Requested size: 328.82707pt x 239.15558pt.


pdfTeX warning: pdflatex.exe (file ../Figures/FigureB3_b.pdf): PDF inclusion: f
ound PDF version <1.6>, but at most version <1.5> allowed
<../Figures/FigureB3_b.pdf, id=998, 397.485pt x 289.08pt>
File: ../Figures/FigureB3_b.pdf Graphic file (type pdf)
<use ../Figures/FigureB3_b.pdf>
Package pdftex.def Info: ../Figures/FigureB3_b.pdf  used on input line 1411.
(pdftex.def)             Requested size: 328.82707pt x 239.15558pt.

LaTeX Warning: Float too large for page by 2.48114pt on input line 1413.



pdfTeX warning: pdflatex.exe (file ../Figures/FigureB4_a.pdf): PDF inclusion: f
ound PDF version <1.6>, but at most version <1.5> allowed
<../Figures/FigureB4_a.pdf, id=999, 397.485pt x 289.08pt>
File: ../Figures/FigureB4_a.pdf Graphic file (type pdf)
<use ../Figures/FigureB4_a.pdf>
Package pdftex.def Info: ../Figures/FigureB4_a.pdf  used on input line 1420.
(pdftex.def)             Requested size: 352.31625pt x 256.23938pt.


pdfTeX warning: pdflatex.exe (file ../Figures/FigureB4_b.pdf): PDF inclusion: f
ound PDF version <1.6>, but at most version <1.5> allowed
<../Figures/FigureB4_b.pdf, id=1000, 397.485pt x 289.08pt>
File: ../Figures/FigureB4_b.pdf Graphic file (type pdf)
<use ../Figures/FigureB4_b.pdf>
Package pdftex.def Info: ../Figures/FigureB4_b.pdf  used on input line 1422.
(pdftex.def)             Requested size: 352.31625pt x 256.23938pt.
pdfTeX warning (ext4): destination with the same identifier (name{page.}) has b
een already used, duplicate ignored
<to be read again> 
                   \relax 
l.1426 \clearpage
                  [26 <../Figures/FigureB3_a.pdf> <../Figures/FigureB3_b.pdf>]p
dfTeX warning (ext4): destination with the same identifier (name{page.}) has be
en already used, duplicate ignored
<to be read again> 
                   \relax 
l.1426 \clearpage
                  [27 <../Figures/FigureB4_a.pdf> <../Figures/FigureB4_b.pdf>]

pdfTeX warning: pdflatex.exe (file ../Figures/FigureB5.pdf): PDF inclusion: fou
nd PDF version <1.6>, but at most version <1.5> allowed
<../Figures/FigureB5.pdf, id=1048, 481.97003pt x 289.08pt>
File: ../Figures/FigureB5.pdf Graphic file (type pdf)
<use ../Figures/FigureB5.pdf>
Package pdftex.def Info: ../Figures/FigureB5.pdf  used on input line 1434.
(pdftex.def)             Requested size: 465.06004pt x 278.93398pt.
pdfTeX warning (ext4): destination with the same identifier (name{page.}) has b
een already used, duplicate ignored
<to be read again> 
                   \relax 
l.1437 \clearpage
                  [28 <../Figures/FigureB5.pdf>]
Package atveryend Info: Empty hook `BeforeClearDocument' on input line 1496.
Package atveryend Info: Empty hook `AfterLastShipout' on input line 1496.
 (AEJEP_final.aux)
Package atveryend Info: Executing hook `AtVeryEndDocument' on input line 1496.
Package atveryend Info: Executing hook `AtEndAfterFileList' on input line 1496.

Package rerunfilecheck Info: File `AEJEP_final.out' has not changed.
(rerunfilecheck)             Checksum: 7A695F3BF45975F2A17E27A95BCDE7E3;1928.
Package atveryend Info: Empty hook `AtVeryVeryEnd' on input line 1496.
 ) 
Here is how much of TeX's memory you used:
 12781 strings out of 481174
 195302 string characters out of 2912413
 566554 words of memory out of 3000000
 27798 multiletter control sequences out of 15000+200000
 558680 words of font info for 120 fonts, out of 3000000 for 9000
 1141 hyphenation exceptions out of 8191
 43i,14n,50p,1618b,672s stack positions out of 5000i,500n,10000p,200000b,50000s
pdfTeX warning (dest): name{Hfootnote.62} has been referenced but does not ex
ist, replaced by a fixed one

pdfTeX warning (dest): name{Hfootnote.61} has been referenced but does not exis
t, replaced by a fixed one

pdfTeX warning (dest): name{Hfootnote.60} has been referenced but does not exis
t, replaced by a fixed one

pdfTeX warning (dest): name{Hfootnote.59} has been referenced but does not exis
t, replaced by a fixed one

pdfTeX warning (dest): name{Hfootnote.58} has been referenced but does not exis
t, replaced by a fixed one

pdfTeX warning (dest): name{Hfootnote.57} has been referenced but does not exis
t, replaced by a fixed one

pdfTeX warning (dest): name{Hfootnote.56} has been referenced but does not exis
t, replaced by a fixed one

pdfTeX warning (dest): name{Hfootnote.55} has been referenced but does not exis
t, replaced by a fixed one

pdfTeX warning (dest): name{Hfootnote.54} has been referenced but does not exis
t, replaced by a fixed one

pdfTeX warning (dest): name{Hfootnote.53} has been referenced but does not exis
t, replaced by a fixed one

pdfTeX warning (dest): name{Hfootnote.52} has been referenced but does not exis
t, replaced by a fixed one

pdfTeX warning (dest): name{Hfootnote.51} has been referenced but does not exis
t, replaced by a fixed one

pdfTeX warning (dest): name{Hfootnote.50} has been referenced but does not exis
t, replaced by a fixed one

pdfTeX warning (dest): name{Hfootnote.49} has been referenced but does not exis
t, replaced by a fixed one

pdfTeX warning (dest): name{Hfootnote.48} has been referenced but does not exis
t, replaced by a fixed one

pdfTeX warning (dest): name{Hfootnote.47} has been referenced but does not exis
t, replaced by a fixed one

pdfTeX warning (dest): name{Hfootnote.46} has been referenced but does not exis
t, replaced by a fixed one

pdfTeX warning (dest): name{Hfootnote.45} has been referenced but does not exis
t, replaced by a fixed one

pdfTeX warning (dest): name{Hfootnote.44} has been referenced but does not exis
t, replaced by a fixed one

pdfTeX warning (dest): name{Hfootnote.43} has been referenced but does not exis
t, replaced by a fixed one

pdfTeX warning (dest): name{Hfootnote.42} has been referenced but does not exis
t, replaced by a fixed one

pdfTeX warning (dest): name{Hfootnote.41} has been referenced but does not exis
t, replaced by a fixed one

pdfTeX warning (dest): name{Hfootnote.40} has been referenced but does not exis
t, replaced by a fixed one

pdfTeX warning (dest): name{Hfootnote.39} has been referenced but does not exis
t, replaced by a fixed one

pdfTeX warning (dest): name{Hfootnote.38} has been referenced but does not exis
t, replaced by a fixed one

pdfTeX warning (dest): name{Hfootnote.37} has been referenced but does not exis
t, replaced by a fixed one

pdfTeX warning (dest): name{Hfootnote.36} has been referenced but does not exis
t, replaced by a fixed one

pdfTeX warning (dest): name{Hfootnote.35} has been referenced but does not exis
t, replaced by a fixed one

pdfTeX warning (dest): name{Hfootnote.34} has been referenced but does not exis
t, replaced by a fixed one

pdfTeX warning (dest): name{Hfootnote.33} has been referenced but does not exis
t, replaced by a fixed one

pdfTeX warning (dest): name{Hfootnote.32} has been referenced but does not exis
t, replaced by a fixed one

pdfTeX warning (dest): name{Hfootnote.31} has been referenced but does not exis
t, replaced by a fixed one

pdfTeX warning (dest): name{Hfootnote.30} has been referenced but does not exis
t, replaced by a fixed one

pdfTeX warning (dest): name{Hfootnote.29} has been referenced but does not exis
t, replaced by a fixed one

pdfTeX warning (dest): name{Hfootnote.28} has been referenced but does not exis
t, replaced by a fixed one

pdfTeX warning (dest): name{Hfootnote.27} has been referenced but does not exis
t, replaced by a fixed one

pdfTeX warning (dest): name{Hfootnote.26} has been referenced but does not exis
t, replaced by a fixed one

pdfTeX warning (dest): name{Hfootnote.25} has been referenced but does not exis
t, replaced by a fixed one

pdfTeX warning (dest): name{Hfootnote.24} has been referenced but does not exis
t, replaced by a fixed one

pdfTeX warning (dest): name{Hfootnote.23} has been referenced but does not exis
t, replaced by a fixed one

pdfTeX warning (dest): name{Hfootnote.22} has been referenced but does not exis
t, replaced by a fixed one

pdfTeX warning (dest): name{Hfootnote.21} has been referenced but does not exis
t, replaced by a fixed one

pdfTeX warning (dest): name{Hfootnote.20} has been referenced but does not exis
t, replaced by a fixed one

pdfTeX warning (dest): name{Hfootnote.19} has been referenced but does not exis
t, replaced by a fixed one

pdfTeX warning (dest): name{Hfootnote.18} has been referenced but does not exis
t, replaced by a fixed one

pdfTeX warning (dest): name{Hfootnote.17} has been referenced but does not exis
t, replaced by a fixed one

pdfTeX warning (dest): name{Hfootnote.16} has been referenced but does not exis
t, replaced by a fixed one

pdfTeX warning (dest): name{Hfootnote.15} has been referenced but does not exis
t, replaced by a fixed one

pdfTeX warning (dest): name{Hfootnote.14} has been referenced but does not exis
t, replaced by a fixed one

pdfTeX warning (dest): name{Hfootnote.13} has been referenced but does not exis
t, replaced by a fixed one

pdfTeX warning (dest): name{Hfootnote.12} has been referenced but does not exis
t, replaced by a fixed one

pdfTeX warning (dest): name{Hfootnote.11} has been referenced but does not exis
t, replaced by a fixed one

pdfTeX warning (dest): name{Hfootnote.10} has been referenced but does not exis
t, replaced by a fixed one

pdfTeX warning (dest): name{Hfootnote.9} has been referenced but does not exist
, replaced by a fixed one

pdfTeX warning (dest): name{Hfootnote.8} has been referenced but does not exist
, replaced by a fixed one

pdfTeX warning (dest): name{Hfootnote.7} has been referenced but does not exist
, replaced by a fixed one

pdfTeX warning (dest): name{Hfootnote.6} has been referenced but does not exist
, replaced by a fixed one

pdfTeX warning (dest): name{Hfootnote.5} has been referenced but does not exist
, replaced by a fixed one

pdfTeX warning (dest): name{Hfootnote.4} has been referenced but does not exist
, replaced by a fixed one

pdfTeX warning (dest): name{Hfootnote.3} has been referenced but does not exist
, replaced by a fixed one

pdfTeX warning (dest): name{Hfootnote.2} has been referenced but does not exist
, replaced by a fixed one

pdfTeX warning (dest): name{Hfootnote.1} has been referenced but does not exist
, replaced by a fixed one

{C:/Program Files/MiKTeX 2.9/fonts/enc/dvips/cm-super/cm-super-ts1.enc}<C:/Prog
ram Files/MiKTeX 2.9/fonts/type1/public/amsfonts/cm/cmbx10.pfb><C:/Program File
s/MiKTeX 2.9/fonts/type1/public/amsfonts/cm/cmbx12.pfb><C:/Program Files/MiKTeX
 2.9/fonts/type1/public/amsfonts/cm/cmex10.pfb><C:/Program Files/MiKTeX 2.9/fon
ts/type1/public/amsfonts/cm/cmmi10.pfb><C:/Program Files/MiKTeX 2.9/fonts/type1
/public/amsfonts/cm/cmmi12.pfb><C:/Program Files/MiKTeX 2.9/fonts/type1/public/
amsfonts/cm/cmmi6.pfb><C:/Program Files/MiKTeX 2.9/fonts/type1/public/amsfonts/
cm/cmmi7.pfb><C:/Program Files/MiKTeX 2.9/fonts/type1/public/amsfonts/cm/cmmi8.
pfb><C:/Program Files/MiKTeX 2.9/fonts/type1/public/amsfonts/cm/cmr10.pfb><C:/P
rogram Files/MiKTeX 2.9/fonts/type1/public/amsfonts/cm/cmr12.pfb><C:/Program Fi
les/MiKTeX 2.9/fonts/type1/public/amsfonts/cm/cmr17.pfb><C:/Program Files/MiKTe
X 2.9/fonts/type1/public/amsfonts/cm/cmr6.pfb><C:/Program Files/MiKTeX 2.9/font
s/type1/public/amsfonts/cm/cmr7.pfb><C:/Program Files/MiKTeX 2.9/fonts/type1/pu
blic/amsfonts/cm/cmr8.pfb><C:/Program Files/MiKTeX 2.9/fonts/type1/public/amsfo
nts/cm/cmsy10.pfb><C:/Program Files/MiKTeX 2.9/fonts/type1/public/amsfonts/cm/c
msy7.pfb><C:/Program Files/MiKTeX 2.9/fonts/type1/public/amsfonts/cm/cmsy8.pfb>
<C:/Program Files/MiKTeX 2.9/fonts/type1/public/amsfonts/cm/cmti10.pfb><C:/Prog
ram Files/MiKTeX 2.9/fonts/type1/public/amsfonts/cm/cmti12.pfb><C:/Program File
s/MiKTeX 2.9/fonts/type1/public/amsfonts/cm/cmtt10.pfb><C:/Program Files/MiKTeX
 2.9/fonts/type1/public/amsfonts/cm/cmtt12.pfb><C:/Program Files/MiKTeX 2.9/fon
ts/type1/public/cm-super/sfrm0700.pfb><C:/Program Files/MiKTeX 2.9/fonts/type1/
public/cm-super/sfrm1000.pfb><C:/Program Files/MiKTeX 2.9/fonts/type1/public/cm
-super/sfrm1200.pfb><C:/Program Files/MiKTeX 2.9/fonts/type1/public/yhmath/yhcm
ex.pfb>
Output written on AEJEP_final.pdf (69 pages, 3350864 bytes).
PDF statistics:
 1185 PDF objects out of 1200 (max. 8388607)
 194 named destinations out of 1000 (max. 500000)
 297 words of extra memory for PDF output out of 10000 (max. 10000000)

