\BOOKMARK [1][-]{section.1}{Introduction}{}% 1
\BOOKMARK [1][-]{section.2}{Background and Key Facts on State Estate Taxes}{}% 2
\BOOKMARK [2][-]{subsection.2.1}{History and Structure}{section.2}% 3
\BOOKMARK [2][-]{subsection.2.2}{Estate Tax Planning and Avoidance}{section.2}% 4
\BOOKMARK [2][-]{subsection.2.3}{Which States Have Estate Taxes}{section.2}% 5
\BOOKMARK [1][-]{section.3}{Data and Facts About the Location of Forbes 400 Billionaires}{}% 6
\BOOKMARK [2][-]{subsection.3.1}{Data}{section.3}% 7
\BOOKMARK [2][-]{subsection.3.2}{Location of Forbes 400 Billionaires}{section.3}% 8
\BOOKMARK [2][-]{subsection.3.3}{Quality of the Forbes 400 Data}{section.3}% 9
\BOOKMARK [1][-]{section.4}{Location of Forbes Billionaires Deaths and Effect on Estate Tax Revenues}{}% 10
\BOOKMARK [2][-]{subsection.4.1}{Validation of Forbes' State of Residence Using Billionaire Deaths}{section.4}% 11
\BOOKMARK [2][-]{subsection.4.2}{Effect of Billionaire Deaths on State Estate Tax Revenues}{section.4}% 12
\BOOKMARK [1][-]{section.5}{Effect of Estate Tax on Location of Forbes 400}{}% 13
\BOOKMARK [2][-]{subsection.5.1}{Difference-in-Difference Estimates}{section.5}% 14
\BOOKMARK [2][-]{subsection.5.2}{Triple-Difference Estimates}{section.5}% 15
\BOOKMARK [2][-]{subsection.5.3}{Probability of Moving from an Estate Tax State to a Non-Estate Tax State and Vice-Versa}{section.5}% 16
\BOOKMARK [2][-]{subsection.5.4}{Effect of Tax-Induced Mobility on State Aggregate Tax Base}{section.5}% 17
\BOOKMARK [1][-]{section.6}{Costs and Benefits for States of Enacting an Estate Tax}{}% 18
\BOOKMARK [2][-]{subsection.6.1}{An Expression for Costs and Benefits}{section.6}% 19
\BOOKMARK [2][-]{subsection.6.2}{Estimates of Costs and Benefits of an Estate Tax on Billionaires}{section.6}% 20
\BOOKMARK [2][-]{subsection.6.3}{Estimates of Costs and Benefits of a Broad Estate Tax}{section.6}% 21
\BOOKMARK [1][-]{section.7}{Conclusion}{}% 22
